#
# There is insufficient memory for the Java Runtime Environment to continue.
# Native memory allocation (malloc) failed to allocate 890400 bytes for Chunk::new
# Possible reasons:
#   The system is out of physical RAM or swap space
#   The process is running with CompressedOops enabled, and the Java Heap may be blocking the growth of the native heap
# Possible solutions:
#   Reduce memory load on the system
#   Increase physical memory or swap space
#   Check if swap backing store is full
#   Decrease Java heap size (-Xmx/-Xms)
#   Decrease number of Java threads
#   Decrease Java thread stack sizes (-Xss)
#   Set larger code cache with -XX:ReservedCodeCacheSize=
#   JVM is running with Zero Based Compressed Oops mode in which the Java heap is
#     placed in the first 32GB address space. The Java Heap base address is the
#     maximum limit for the native heap growth. Please use -XX:HeapBaseMinAddress
#     to set the Java Heap base and to place the Java Heap above 32GB virtual address.
# This output file may be truncated or incomplete.
#
#  Out of Memory Error (arena.cpp:168), pid=24252, tid=27004
#
# JRE version: Java(TM) SE Runtime Environment (21.0.1+12) (build 21.0.1+12-LTS-29)
# Java VM: Java HotSpot(TM) 64-Bit Server VM (21.0.1+12-LTS-29, mixed mode, sharing, tiered, compressed oops, compressed class ptrs, g1 gc, windows-amd64)
# No core dump will be written. Minidumps are not enabled by default on client versions of Windows
#

---------------  S U M M A R Y ------------

Command Line: -Dclassworlds.conf=C:/ProgramData/chocolatey/lib/maven/apache-maven-3.9.9/bin/m2.conf -Dmaven.home=C:/ProgramData/chocolatey/lib/maven/apache-maven-3.9.9 -Dlibrary.jansi.path=C:/ProgramData/chocolatey/lib/maven/apache-maven-3.9.9/lib/jansi-native -Dmaven.multiModuleProjectDirectory=C:/Users/moata/Downloads/examPlatform org.codehaus.plexus.classworlds.launcher.Launcher spring-boot:run

Host: 12th Gen Intel(R) Core(TM) i5-12450H, 12 cores, 15G,  Windows 11 , 64 bit Build 22621 (10.0.22621.5262)
Time: Wed May 28 18:39:15 2025 Egypt Daylight Time elapsed time: 1.459609 seconds (0d 0h 0m 1s)

---------------  T H R E A D  ---------------

Current thread (0x0000022cfeba97b0):  JavaThread "C2 CompilerThread1" daemon [_thread_in_native, id=27004, stack(0x000000a27d300000,0x000000a27d400000) (1024K)]


Current CompileTask:
C2:   1459 2734       4       org.codehaus.plexus.util.xml.pull.MXParser::parseStartTag (1190 bytes)

Stack: [0x000000a27d300000,0x000000a27d400000]
Native frames: (J=compiled Java code, j=interpreted, Vv=VM code, C=native code)
V  [jvm.dll+0x6c9029]
V  [jvm.dll+0x854b81]
V  [jvm.dll+0x856e5e]
V  [jvm.dll+0x857543]
V  [jvm.dll+0x280c06]
V  [jvm.dll+0xc3ead]
V  [jvm.dll+0xc43c3]
V  [jvm.dll+0x3b576c]
V  [jvm.dll+0x382475]
V  [jvm.dll+0x3818ea]
V  [jvm.dll+0x249ad0]
V  [jvm.dll+0x2490b1]
V  [jvm.dll+0x1c9ca1]
V  [jvm.dll+0x2586b9]
V  [jvm.dll+0x256c9a]
V  [jvm.dll+0x3ef1b6]
V  [jvm.dll+0x7fd728]
V  [jvm.dll+0x6c777d]
C  [ucrtbase.dll+0x29333]
C  [KERNEL32.DLL+0x1259d]
C  [ntdll.dll+0x5af58]


---------------  P R O C E S S  ---------------

Threads class SMR info:
_java_thread_list=0x0000022cff7e3680, length=14, elements={
0x0000022c999cf600, 0x0000022cb8e58c60, 0x0000022cb8e598c0, 0x0000022cb8e5c5e0,
0x0000022cb8e5d990, 0x0000022cb8e5e6d0, 0x0000022cb8e60850, 0x0000022cb8e65770,
0x0000022cb8e87050, 0x0000022cfe178630, 0x0000022cfe198060, 0x0000022cfeba97b0,
0x0000022cfec40150, 0x0000022cff7f7030
}

Java Threads: ( => current thread )
  0x0000022c999cf600 JavaThread "main"                              [_thread_in_native, id=28132, stack(0x000000a27c100000,0x000000a27c200000) (1024K)]
  0x0000022cb8e58c60 JavaThread "Reference Handler"          daemon [_thread_blocked, id=12720, stack(0x000000a27c900000,0x000000a27ca00000) (1024K)]
  0x0000022cb8e598c0 JavaThread "Finalizer"                  daemon [_thread_blocked, id=16240, stack(0x000000a27ca00000,0x000000a27cb00000) (1024K)]
  0x0000022cb8e5c5e0 JavaThread "Signal Dispatcher"          daemon [_thread_blocked, id=29716, stack(0x000000a27cb00000,0x000000a27cc00000) (1024K)]
  0x0000022cb8e5d990 JavaThread "Attach Listener"            daemon [_thread_blocked, id=5656, stack(0x000000a27cc00000,0x000000a27cd00000) (1024K)]
  0x0000022cb8e5e6d0 JavaThread "Service Thread"             daemon [_thread_blocked, id=19896, stack(0x000000a27cd00000,0x000000a27ce00000) (1024K)]
  0x0000022cb8e60850 JavaThread "Monitor Deflation Thread"   daemon [_thread_blocked, id=25952, stack(0x000000a27ce00000,0x000000a27cf00000) (1024K)]
  0x0000022cb8e65770 JavaThread "C2 CompilerThread0"         daemon [_thread_blocked, id=24836, stack(0x000000a27cf00000,0x000000a27d000000) (1024K)]
  0x0000022cb8e87050 JavaThread "C1 CompilerThread0"         daemon [_thread_blocked, id=26768, stack(0x000000a27d000000,0x000000a27d100000) (1024K)]
  0x0000022cfe178630 JavaThread "Notification Thread"        daemon [_thread_blocked, id=32676, stack(0x000000a27d100000,0x000000a27d200000) (1024K)]
  0x0000022cfe198060 JavaThread "Common-Cleaner"             daemon [_thread_blocked, id=14664, stack(0x000000a27d200000,0x000000a27d300000) (1024K)]
=>0x0000022cfeba97b0 JavaThread "C2 CompilerThread1"         daemon [_thread_in_native, id=27004, stack(0x000000a27d300000,0x000000a27d400000) (1024K)]
  0x0000022cfec40150 JavaThread "C2 CompilerThread2"         daemon [_thread_blocked, id=17060, stack(0x000000a27d400000,0x000000a27d500000) (1024K)]
  0x0000022cff7f7030 JavaThread "Thread-1"                   daemon [_thread_blocked, id=25476, stack(0x000000a27de00000,0x000000a27df00000) (1024K)]
Total: 14

Other Threads:
  0x0000022cb8e37450 VMThread "VM Thread"                           [id=5600, stack(0x000000a27c800000,0x000000a27c900000) (1024K)]
  0x0000022cb8e1ebc0 WatcherThread "VM Periodic Task Thread"        [id=3096, stack(0x000000a27c700000,0x000000a27c800000) (1024K)]
  0x0000022c99a33320 WorkerThread "GC Thread#0"                     [id=29276, stack(0x000000a27c200000,0x000000a27c300000) (1024K)]
  0x0000022cfeff7b90 WorkerThread "GC Thread#1"                     [id=27700, stack(0x000000a27d500000,0x000000a27d600000) (1024K)]
  0x0000022cff2e48a0 WorkerThread "GC Thread#2"                     [id=9016, stack(0x000000a27d600000,0x000000a27d700000) (1024K)]
  0x0000022cfee85da0 WorkerThread "GC Thread#3"                     [id=28224, stack(0x000000a27d700000,0x000000a27d800000) (1024K)]
  0x0000022cfed2ea70 WorkerThread "GC Thread#4"                     [id=30780, stack(0x000000a27d800000,0x000000a27d900000) (1024K)]
  0x0000022cfed2ee10 WorkerThread "GC Thread#5"                     [id=16312, stack(0x000000a27d900000,0x000000a27da00000) (1024K)]
  0x0000022cfed43ec0 WorkerThread "GC Thread#6"                     [id=19380, stack(0x000000a27da00000,0x000000a27db00000) (1024K)]
  0x0000022cfed44260 WorkerThread "GC Thread#7"                     [id=13720, stack(0x000000a27db00000,0x000000a27dc00000) (1024K)]
  0x0000022cfed33d20 WorkerThread "GC Thread#8"                     [id=6064, stack(0x000000a27dc00000,0x000000a27dd00000) (1024K)]
  0x0000022cfed34f40 WorkerThread "GC Thread#9"                     [id=20900, stack(0x000000a27dd00000,0x000000a27de00000) (1024K)]
  0x0000022c99a43f80 ConcurrentGCThread "G1 Main Marker"            [id=17444, stack(0x000000a27c300000,0x000000a27c400000) (1024K)]
  0x0000022c99a44a80 WorkerThread "G1 Conc#0"                       [id=30064, stack(0x000000a27c400000,0x000000a27c500000) (1024K)]
  0x0000022c99a8e5b0 ConcurrentGCThread "G1 Refine#0"               [id=11996, stack(0x000000a27c500000,0x000000a27c600000) (1024K)]
  0x0000022cb8cf12d0 ConcurrentGCThread "G1 Service"                [id=20896, stack(0x000000a27c600000,0x000000a27c700000) (1024K)]
Total: 16

Threads with active compile tasks:
C2 CompilerThread1     1474 2734       4       org.codehaus.plexus.util.xml.pull.MXParser::parseStartTag (1190 bytes)
Total: 1

VM state: not at safepoint (normal execution)

VM Mutex/Monitor currently owned by a thread: None

Heap address: 0x0000000705200000, size: 4014 MB, Compressed Oops mode: Zero based, Oop shift amount: 3

CDS archive(s) mapped at: [0x0000022cb9000000-0x0000022cb9c90000-0x0000022cb9c90000), size 13172736, SharedBaseAddress: 0x0000022cb9000000, ArchiveRelocationMode: 1.
Compressed class space mapped at: 0x0000022cba000000-0x0000022cfa000000, reserved size: 1073741824
Narrow klass base: 0x0000022cb9000000, Narrow klass shift: 0, Narrow klass range: 0x100000000

GC Precious Log:
 CardTable entry size: 512
 Card Set container configuration: InlinePtr #cards 4 size 8 Array Of Cards #cards 16 size 48 Howl #buckets 8 coarsen threshold 3686 Howl Bitmap #cards 512 size 80 coarsen threshold 460 Card regions per heap region 1 cards per card region 4096
 CPUs: 12 total, 12 available
 Memory: 16052M
 Large Page Support: Disabled
 NUMA Support: Disabled
 Compressed Oops: Enabled (Zero based)
 Heap Region Size: 2M
 Heap Min Capacity: 8M
 Heap Initial Capacity: 252M
 Heap Max Capacity: 4014M
 Pre-touch: Disabled
 Parallel Workers: 10
 Concurrent Workers: 3
 Concurrent Refinement Workers: 10
 Periodic GC: Disabled

Heap:
 garbage-first heap   total 258048K, used 30055K [0x0000000705200000, 0x0000000800000000)
  region size 2048K, 14 young (28672K), 1 survivors (2048K)
 Metaspace       used 14918K, committed 15168K, reserved 1114112K
  class space    used 1799K, committed 1920K, reserved 1048576K

Heap Regions: E=young(eden), S=young(survivor), O=old, HS=humongous(starts), HC=humongous(continues), CS=collection set, F=free, TAMS=top-at-mark-start, PB=parsable bottom
|   0|0x0000000705200000, 0x0000000705400000, 0x0000000705400000|100%| O|  |TAMS 0x0000000705200000| PB 0x0000000705200000| Untracked 
|   1|0x0000000705400000, 0x0000000705580ce8, 0x0000000705600000| 75%| O|  |TAMS 0x0000000705400000| PB 0x0000000705400000| Untracked 
|   2|0x0000000705600000, 0x0000000705600000, 0x0000000705800000|  0%| F|  |TAMS 0x0000000705600000| PB 0x0000000705600000| Untracked 
|   3|0x0000000705800000, 0x0000000705800000, 0x0000000705a00000|  0%| F|  |TAMS 0x0000000705800000| PB 0x0000000705800000| Untracked 
|   4|0x0000000705a00000, 0x0000000705a00000, 0x0000000705c00000|  0%| F|  |TAMS 0x0000000705a00000| PB 0x0000000705a00000| Untracked 
|   5|0x0000000705c00000, 0x0000000705c00000, 0x0000000705e00000|  0%| F|  |TAMS 0x0000000705c00000| PB 0x0000000705c00000| Untracked 
|   6|0x0000000705e00000, 0x0000000705e00000, 0x0000000706000000|  0%| F|  |TAMS 0x0000000705e00000| PB 0x0000000705e00000| Untracked 
|   7|0x0000000706000000, 0x0000000706000000, 0x0000000706200000|  0%| F|  |TAMS 0x0000000706000000| PB 0x0000000706000000| Untracked 
|   8|0x0000000706200000, 0x0000000706200000, 0x0000000706400000|  0%| F|  |TAMS 0x0000000706200000| PB 0x0000000706200000| Untracked 
|   9|0x0000000706400000, 0x0000000706400000, 0x0000000706600000|  0%| F|  |TAMS 0x0000000706400000| PB 0x0000000706400000| Untracked 
|  10|0x0000000706600000, 0x0000000706600000, 0x0000000706800000|  0%| F|  |TAMS 0x0000000706600000| PB 0x0000000706600000| Untracked 
|  11|0x0000000706800000, 0x0000000706800000, 0x0000000706a00000|  0%| F|  |TAMS 0x0000000706800000| PB 0x0000000706800000| Untracked 
|  12|0x0000000706a00000, 0x0000000706a00000, 0x0000000706c00000|  0%| F|  |TAMS 0x0000000706a00000| PB 0x0000000706a00000| Untracked 
|  13|0x0000000706c00000, 0x0000000706c00000, 0x0000000706e00000|  0%| F|  |TAMS 0x0000000706c00000| PB 0x0000000706c00000| Untracked 
|  14|0x0000000706e00000, 0x0000000706e00000, 0x0000000707000000|  0%| F|  |TAMS 0x0000000706e00000| PB 0x0000000706e00000| Untracked 
|  15|0x0000000707000000, 0x0000000707000000, 0x0000000707200000|  0%| F|  |TAMS 0x0000000707000000| PB 0x0000000707000000| Untracked 
|  16|0x0000000707200000, 0x0000000707200000, 0x0000000707400000|  0%| F|  |TAMS 0x0000000707200000| PB 0x0000000707200000| Untracked 
|  17|0x0000000707400000, 0x0000000707400000, 0x0000000707600000|  0%| F|  |TAMS 0x0000000707400000| PB 0x0000000707400000| Untracked 
|  18|0x0000000707600000, 0x0000000707600000, 0x0000000707800000|  0%| F|  |TAMS 0x0000000707600000| PB 0x0000000707600000| Untracked 
|  19|0x0000000707800000, 0x0000000707800000, 0x0000000707a00000|  0%| F|  |TAMS 0x0000000707800000| PB 0x0000000707800000| Untracked 
|  20|0x0000000707a00000, 0x0000000707a00000, 0x0000000707c00000|  0%| F|  |TAMS 0x0000000707a00000| PB 0x0000000707a00000| Untracked 
|  21|0x0000000707c00000, 0x0000000707c00000, 0x0000000707e00000|  0%| F|  |TAMS 0x0000000707c00000| PB 0x0000000707c00000| Untracked 
|  22|0x0000000707e00000, 0x0000000707e00000, 0x0000000708000000|  0%| F|  |TAMS 0x0000000707e00000| PB 0x0000000707e00000| Untracked 
|  23|0x0000000708000000, 0x0000000708000000, 0x0000000708200000|  0%| F|  |TAMS 0x0000000708000000| PB 0x0000000708000000| Untracked 
|  24|0x0000000708200000, 0x0000000708200000, 0x0000000708400000|  0%| F|  |TAMS 0x0000000708200000| PB 0x0000000708200000| Untracked 
|  25|0x0000000708400000, 0x0000000708400000, 0x0000000708600000|  0%| F|  |TAMS 0x0000000708400000| PB 0x0000000708400000| Untracked 
|  26|0x0000000708600000, 0x0000000708600000, 0x0000000708800000|  0%| F|  |TAMS 0x0000000708600000| PB 0x0000000708600000| Untracked 
|  27|0x0000000708800000, 0x0000000708800000, 0x0000000708a00000|  0%| F|  |TAMS 0x0000000708800000| PB 0x0000000708800000| Untracked 
|  28|0x0000000708a00000, 0x0000000708a00000, 0x0000000708c00000|  0%| F|  |TAMS 0x0000000708a00000| PB 0x0000000708a00000| Untracked 
|  29|0x0000000708c00000, 0x0000000708c00000, 0x0000000708e00000|  0%| F|  |TAMS 0x0000000708c00000| PB 0x0000000708c00000| Untracked 
|  30|0x0000000708e00000, 0x0000000708e00000, 0x0000000709000000|  0%| F|  |TAMS 0x0000000708e00000| PB 0x0000000708e00000| Untracked 
|  31|0x0000000709000000, 0x0000000709000000, 0x0000000709200000|  0%| F|  |TAMS 0x0000000709000000| PB 0x0000000709000000| Untracked 
|  32|0x0000000709200000, 0x0000000709200000, 0x0000000709400000|  0%| F|  |TAMS 0x0000000709200000| PB 0x0000000709200000| Untracked 
|  33|0x0000000709400000, 0x0000000709400000, 0x0000000709600000|  0%| F|  |TAMS 0x0000000709400000| PB 0x0000000709400000| Untracked 
|  34|0x0000000709600000, 0x0000000709600000, 0x0000000709800000|  0%| F|  |TAMS 0x0000000709600000| PB 0x0000000709600000| Untracked 
|  35|0x0000000709800000, 0x0000000709800000, 0x0000000709a00000|  0%| F|  |TAMS 0x0000000709800000| PB 0x0000000709800000| Untracked 
|  36|0x0000000709a00000, 0x0000000709a00000, 0x0000000709c00000|  0%| F|  |TAMS 0x0000000709a00000| PB 0x0000000709a00000| Untracked 
|  37|0x0000000709c00000, 0x0000000709c00000, 0x0000000709e00000|  0%| F|  |TAMS 0x0000000709c00000| PB 0x0000000709c00000| Untracked 
|  38|0x0000000709e00000, 0x0000000709e00000, 0x000000070a000000|  0%| F|  |TAMS 0x0000000709e00000| PB 0x0000000709e00000| Untracked 
|  39|0x000000070a000000, 0x000000070a000000, 0x000000070a200000|  0%| F|  |TAMS 0x000000070a000000| PB 0x000000070a000000| Untracked 
|  40|0x000000070a200000, 0x000000070a200000, 0x000000070a400000|  0%| F|  |TAMS 0x000000070a200000| PB 0x000000070a200000| Untracked 
|  41|0x000000070a400000, 0x000000070a400000, 0x000000070a600000|  0%| F|  |TAMS 0x000000070a400000| PB 0x000000070a400000| Untracked 
|  42|0x000000070a600000, 0x000000070a600000, 0x000000070a800000|  0%| F|  |TAMS 0x000000070a600000| PB 0x000000070a600000| Untracked 
|  43|0x000000070a800000, 0x000000070a800000, 0x000000070aa00000|  0%| F|  |TAMS 0x000000070a800000| PB 0x000000070a800000| Untracked 
|  44|0x000000070aa00000, 0x000000070aa00000, 0x000000070ac00000|  0%| F|  |TAMS 0x000000070aa00000| PB 0x000000070aa00000| Untracked 
|  45|0x000000070ac00000, 0x000000070ac00000, 0x000000070ae00000|  0%| F|  |TAMS 0x000000070ac00000| PB 0x000000070ac00000| Untracked 
|  46|0x000000070ae00000, 0x000000070ae00000, 0x000000070b000000|  0%| F|  |TAMS 0x000000070ae00000| PB 0x000000070ae00000| Untracked 
|  47|0x000000070b000000, 0x000000070b000000, 0x000000070b200000|  0%| F|  |TAMS 0x000000070b000000| PB 0x000000070b000000| Untracked 
|  48|0x000000070b200000, 0x000000070b200000, 0x000000070b400000|  0%| F|  |TAMS 0x000000070b200000| PB 0x000000070b200000| Untracked 
|  49|0x000000070b400000, 0x000000070b400000, 0x000000070b600000|  0%| F|  |TAMS 0x000000070b400000| PB 0x000000070b400000| Untracked 
|  50|0x000000070b600000, 0x000000070b600000, 0x000000070b800000|  0%| F|  |TAMS 0x000000070b600000| PB 0x000000070b600000| Untracked 
|  51|0x000000070b800000, 0x000000070b800000, 0x000000070ba00000|  0%| F|  |TAMS 0x000000070b800000| PB 0x000000070b800000| Untracked 
|  52|0x000000070ba00000, 0x000000070ba00000, 0x000000070bc00000|  0%| F|  |TAMS 0x000000070ba00000| PB 0x000000070ba00000| Untracked 
|  53|0x000000070bc00000, 0x000000070bc00000, 0x000000070be00000|  0%| F|  |TAMS 0x000000070bc00000| PB 0x000000070bc00000| Untracked 
|  54|0x000000070be00000, 0x000000070be00000, 0x000000070c000000|  0%| F|  |TAMS 0x000000070be00000| PB 0x000000070be00000| Untracked 
|  55|0x000000070c000000, 0x000000070c000000, 0x000000070c200000|  0%| F|  |TAMS 0x000000070c000000| PB 0x000000070c000000| Untracked 
|  56|0x000000070c200000, 0x000000070c200000, 0x000000070c400000|  0%| F|  |TAMS 0x000000070c200000| PB 0x000000070c200000| Untracked 
|  57|0x000000070c400000, 0x000000070c400000, 0x000000070c600000|  0%| F|  |TAMS 0x000000070c400000| PB 0x000000070c400000| Untracked 
|  58|0x000000070c600000, 0x000000070c600000, 0x000000070c800000|  0%| F|  |TAMS 0x000000070c600000| PB 0x000000070c600000| Untracked 
|  59|0x000000070c800000, 0x000000070c800000, 0x000000070ca00000|  0%| F|  |TAMS 0x000000070c800000| PB 0x000000070c800000| Untracked 
|  60|0x000000070ca00000, 0x000000070ca00000, 0x000000070cc00000|  0%| F|  |TAMS 0x000000070ca00000| PB 0x000000070ca00000| Untracked 
|  61|0x000000070cc00000, 0x000000070cc00000, 0x000000070ce00000|  0%| F|  |TAMS 0x000000070cc00000| PB 0x000000070cc00000| Untracked 
|  62|0x000000070ce00000, 0x000000070ce00000, 0x000000070d000000|  0%| F|  |TAMS 0x000000070ce00000| PB 0x000000070ce00000| Untracked 
|  63|0x000000070d000000, 0x000000070d000000, 0x000000070d200000|  0%| F|  |TAMS 0x000000070d000000| PB 0x000000070d000000| Untracked 
|  64|0x000000070d200000, 0x000000070d200000, 0x000000070d400000|  0%| F|  |TAMS 0x000000070d200000| PB 0x000000070d200000| Untracked 
|  65|0x000000070d400000, 0x000000070d400000, 0x000000070d600000|  0%| F|  |TAMS 0x000000070d400000| PB 0x000000070d400000| Untracked 
|  66|0x000000070d600000, 0x000000070d600000, 0x000000070d800000|  0%| F|  |TAMS 0x000000070d600000| PB 0x000000070d600000| Untracked 
|  67|0x000000070d800000, 0x000000070d800000, 0x000000070da00000|  0%| F|  |TAMS 0x000000070d800000| PB 0x000000070d800000| Untracked 
|  68|0x000000070da00000, 0x000000070da00000, 0x000000070dc00000|  0%| F|  |TAMS 0x000000070da00000| PB 0x000000070da00000| Untracked 
|  69|0x000000070dc00000, 0x000000070dc00000, 0x000000070de00000|  0%| F|  |TAMS 0x000000070dc00000| PB 0x000000070dc00000| Untracked 
|  70|0x000000070de00000, 0x000000070de00000, 0x000000070e000000|  0%| F|  |TAMS 0x000000070de00000| PB 0x000000070de00000| Untracked 
|  71|0x000000070e000000, 0x000000070e000000, 0x000000070e200000|  0%| F|  |TAMS 0x000000070e000000| PB 0x000000070e000000| Untracked 
|  72|0x000000070e200000, 0x000000070e200000, 0x000000070e400000|  0%| F|  |TAMS 0x000000070e200000| PB 0x000000070e200000| Untracked 
|  73|0x000000070e400000, 0x000000070e400000, 0x000000070e600000|  0%| F|  |TAMS 0x000000070e400000| PB 0x000000070e400000| Untracked 
|  74|0x000000070e600000, 0x000000070e600000, 0x000000070e800000|  0%| F|  |TAMS 0x000000070e600000| PB 0x000000070e600000| Untracked 
|  75|0x000000070e800000, 0x000000070e800000, 0x000000070ea00000|  0%| F|  |TAMS 0x000000070e800000| PB 0x000000070e800000| Untracked 
|  76|0x000000070ea00000, 0x000000070ea00000, 0x000000070ec00000|  0%| F|  |TAMS 0x000000070ea00000| PB 0x000000070ea00000| Untracked 
|  77|0x000000070ec00000, 0x000000070ec00000, 0x000000070ee00000|  0%| F|  |TAMS 0x000000070ec00000| PB 0x000000070ec00000| Untracked 
|  78|0x000000070ee00000, 0x000000070ee00000, 0x000000070f000000|  0%| F|  |TAMS 0x000000070ee00000| PB 0x000000070ee00000| Untracked 
|  79|0x000000070f000000, 0x000000070f000000, 0x000000070f200000|  0%| F|  |TAMS 0x000000070f000000| PB 0x000000070f000000| Untracked 
|  80|0x000000070f200000, 0x000000070f200000, 0x000000070f400000|  0%| F|  |TAMS 0x000000070f200000| PB 0x000000070f200000| Untracked 
|  81|0x000000070f400000, 0x000000070f400000, 0x000000070f600000|  0%| F|  |TAMS 0x000000070f400000| PB 0x000000070f400000| Untracked 
|  82|0x000000070f600000, 0x000000070f600000, 0x000000070f800000|  0%| F|  |TAMS 0x000000070f600000| PB 0x000000070f600000| Untracked 
|  83|0x000000070f800000, 0x000000070f800000, 0x000000070fa00000|  0%| F|  |TAMS 0x000000070f800000| PB 0x000000070f800000| Untracked 
|  84|0x000000070fa00000, 0x000000070fa00000, 0x000000070fc00000|  0%| F|  |TAMS 0x000000070fa00000| PB 0x000000070fa00000| Untracked 
|  85|0x000000070fc00000, 0x000000070fc00000, 0x000000070fe00000|  0%| F|  |TAMS 0x000000070fc00000| PB 0x000000070fc00000| Untracked 
|  86|0x000000070fe00000, 0x000000070fe00000, 0x0000000710000000|  0%| F|  |TAMS 0x000000070fe00000| PB 0x000000070fe00000| Untracked 
|  87|0x0000000710000000, 0x0000000710000000, 0x0000000710200000|  0%| F|  |TAMS 0x0000000710000000| PB 0x0000000710000000| Untracked 
|  88|0x0000000710200000, 0x0000000710200000, 0x0000000710400000|  0%| F|  |TAMS 0x0000000710200000| PB 0x0000000710200000| Untracked 
|  89|0x0000000710400000, 0x0000000710400000, 0x0000000710600000|  0%| F|  |TAMS 0x0000000710400000| PB 0x0000000710400000| Untracked 
|  90|0x0000000710600000, 0x0000000710600000, 0x0000000710800000|  0%| F|  |TAMS 0x0000000710600000| PB 0x0000000710600000| Untracked 
|  91|0x0000000710800000, 0x0000000710800000, 0x0000000710a00000|  0%| F|  |TAMS 0x0000000710800000| PB 0x0000000710800000| Untracked 
|  92|0x0000000710a00000, 0x0000000710a00000, 0x0000000710c00000|  0%| F|  |TAMS 0x0000000710a00000| PB 0x0000000710a00000| Untracked 
|  93|0x0000000710c00000, 0x0000000710c00000, 0x0000000710e00000|  0%| F|  |TAMS 0x0000000710c00000| PB 0x0000000710c00000| Untracked 
|  94|0x0000000710e00000, 0x0000000710e00000, 0x0000000711000000|  0%| F|  |TAMS 0x0000000710e00000| PB 0x0000000710e00000| Untracked 
|  95|0x0000000711000000, 0x0000000711000000, 0x0000000711200000|  0%| F|  |TAMS 0x0000000711000000| PB 0x0000000711000000| Untracked 
|  96|0x0000000711200000, 0x0000000711200000, 0x0000000711400000|  0%| F|  |TAMS 0x0000000711200000| PB 0x0000000711200000| Untracked 
|  97|0x0000000711400000, 0x0000000711400000, 0x0000000711600000|  0%| F|  |TAMS 0x0000000711400000| PB 0x0000000711400000| Untracked 
|  98|0x0000000711600000, 0x0000000711600000, 0x0000000711800000|  0%| F|  |TAMS 0x0000000711600000| PB 0x0000000711600000| Untracked 
|  99|0x0000000711800000, 0x0000000711800000, 0x0000000711a00000|  0%| F|  |TAMS 0x0000000711800000| PB 0x0000000711800000| Untracked 
| 100|0x0000000711a00000, 0x0000000711a00000, 0x0000000711c00000|  0%| F|  |TAMS 0x0000000711a00000| PB 0x0000000711a00000| Untracked 
| 101|0x0000000711c00000, 0x0000000711c00000, 0x0000000711e00000|  0%| F|  |TAMS 0x0000000711c00000| PB 0x0000000711c00000| Untracked 
| 102|0x0000000711e00000, 0x0000000711e00000, 0x0000000712000000|  0%| F|  |TAMS 0x0000000711e00000| PB 0x0000000711e00000| Untracked 
| 103|0x0000000712000000, 0x0000000712000000, 0x0000000712200000|  0%| F|  |TAMS 0x0000000712000000| PB 0x0000000712000000| Untracked 
| 104|0x0000000712200000, 0x0000000712200000, 0x0000000712400000|  0%| F|  |TAMS 0x0000000712200000| PB 0x0000000712200000| Untracked 
| 105|0x0000000712400000, 0x0000000712400000, 0x0000000712600000|  0%| F|  |TAMS 0x0000000712400000| PB 0x0000000712400000| Untracked 
| 106|0x0000000712600000, 0x0000000712600000, 0x0000000712800000|  0%| F|  |TAMS 0x0000000712600000| PB 0x0000000712600000| Untracked 
| 107|0x0000000712800000, 0x0000000712800000, 0x0000000712a00000|  0%| F|  |TAMS 0x0000000712800000| PB 0x0000000712800000| Untracked 
| 108|0x0000000712a00000, 0x0000000712bd8f58, 0x0000000712c00000| 92%| S|CS|TAMS 0x0000000712a00000| PB 0x0000000712a00000| Complete 
| 109|0x0000000712c00000, 0x0000000712c00000, 0x0000000712e00000|  0%| F|  |TAMS 0x0000000712c00000| PB 0x0000000712c00000| Untracked 
| 110|0x0000000712e00000, 0x0000000712e00000, 0x0000000713000000|  0%| F|  |TAMS 0x0000000712e00000| PB 0x0000000712e00000| Untracked 
| 111|0x0000000713000000, 0x0000000713000000, 0x0000000713200000|  0%| F|  |TAMS 0x0000000713000000| PB 0x0000000713000000| Untracked 
| 112|0x0000000713200000, 0x0000000713200000, 0x0000000713400000|  0%| F|  |TAMS 0x0000000713200000| PB 0x0000000713200000| Untracked 
| 113|0x0000000713400000, 0x00000007135448f8, 0x0000000713600000| 63%| E|  |TAMS 0x0000000713400000| PB 0x0000000713400000| Complete 
| 114|0x0000000713600000, 0x0000000713800000, 0x0000000713800000|100%| E|CS|TAMS 0x0000000713600000| PB 0x0000000713600000| Complete 
| 115|0x0000000713800000, 0x0000000713a00000, 0x0000000713a00000|100%| E|CS|TAMS 0x0000000713800000| PB 0x0000000713800000| Complete 
| 116|0x0000000713a00000, 0x0000000713c00000, 0x0000000713c00000|100%| E|CS|TAMS 0x0000000713a00000| PB 0x0000000713a00000| Complete 
| 117|0x0000000713c00000, 0x0000000713e00000, 0x0000000713e00000|100%| E|CS|TAMS 0x0000000713c00000| PB 0x0000000713c00000| Complete 
| 118|0x0000000713e00000, 0x0000000714000000, 0x0000000714000000|100%| E|CS|TAMS 0x0000000713e00000| PB 0x0000000713e00000| Complete 
| 119|0x0000000714000000, 0x0000000714200000, 0x0000000714200000|100%| E|CS|TAMS 0x0000000714000000| PB 0x0000000714000000| Complete 
| 120|0x0000000714200000, 0x0000000714400000, 0x0000000714400000|100%| E|CS|TAMS 0x0000000714200000| PB 0x0000000714200000| Complete 
| 121|0x0000000714400000, 0x0000000714600000, 0x0000000714600000|100%| E|CS|TAMS 0x0000000714400000| PB 0x0000000714400000| Complete 
| 122|0x0000000714600000, 0x0000000714800000, 0x0000000714800000|100%| E|CS|TAMS 0x0000000714600000| PB 0x0000000714600000| Complete 
| 123|0x0000000714800000, 0x0000000714a00000, 0x0000000714a00000|100%| E|CS|TAMS 0x0000000714800000| PB 0x0000000714800000| Complete 
| 124|0x0000000714a00000, 0x0000000714c00000, 0x0000000714c00000|100%| E|CS|TAMS 0x0000000714a00000| PB 0x0000000714a00000| Complete 
| 125|0x0000000714c00000, 0x0000000714e00000, 0x0000000714e00000|100%| E|CS|TAMS 0x0000000714c00000| PB 0x0000000714c00000| Complete 

Card table byte_map: [0x0000022cb1b60000,0x0000022cb2340000] _byte_map_base: 0x0000022cae337000

Marking Bits: (CMBitMap*) 0x0000022c99a33a20
 Bits: [0x0000022cb2340000, 0x0000022cb61f8000)

Polling page: 0x0000022c99190000

Metaspace:

Usage:
  Non-class:     12.82 MB used.
      Class:      1.76 MB used.
       Both:     14.58 MB used.

Virtual space:
  Non-class space:       64.00 MB reserved,      12.94 MB ( 20%) committed,  1 nodes.
      Class space:        1.00 GB reserved,       1.88 MB ( <1%) committed,  1 nodes.
             Both:        1.06 GB reserved,      14.81 MB (  1%) committed. 

Chunk freelists:
   Non-Class:  2.39 MB
       Class:  13.97 MB
        Both:  16.36 MB

MaxMetaspaceSize: unlimited
CompressedClassSpaceSize: 1.00 GB
Initial GC threshold: 21.00 MB
Current GC threshold: 21.00 MB
CDS: on
 - commit_granule_bytes: 65536.
 - commit_granule_words: 8192.
 - virtual_space_node_default_size: 8388608.
 - enlarge_chunks_in_place: 1.
 - use_allocation_guard: 0.


Internal statistics:

num_allocs_failed_limit: 0.
num_arena_births: 170.
num_arena_deaths: 0.
num_vsnodes_births: 2.
num_vsnodes_deaths: 0.
num_space_committed: 237.
num_space_uncommitted: 0.
num_chunks_returned_to_freelist: 0.
num_chunks_taken_from_freelist: 661.
num_chunk_merges: 0.
num_chunk_splits: 465.
num_chunks_enlarged: 385.
num_inconsistent_stats: 0.

CodeHeap 'non-profiled nmethods': size=120000Kb used=1190Kb max_used=1190Kb free=118809Kb
 bounds [0x0000022ca98f0000, 0x0000022ca9b60000, 0x0000022cb0e20000]
CodeHeap 'profiled nmethods': size=120000Kb used=5685Kb max_used=5685Kb free=114314Kb
 bounds [0x0000022ca1e20000, 0x0000022ca23b0000, 0x0000022ca9350000]
CodeHeap 'non-nmethods': size=5760Kb used=1394Kb max_used=1429Kb free=4365Kb
 bounds [0x0000022ca9350000, 0x0000022ca95c0000, 0x0000022ca98f0000]
 total_blobs=3342 nmethods=2852 adapters=394
 compilation: enabled
              stopped_count=0, restarted_count=0
 full_count=0

Compilation events (20 events):
Event: 1.446 Thread 0x0000022cb8e87050 2775       3       org.apache.maven.model.merge.ModelMerger$DependencyKeyComputer::key (9 bytes)
Event: 1.446 Thread 0x0000022cb8e87050 nmethod 2775 0x0000022ca2388590 code [0x0000022ca2388740, 0x0000022ca2388920]
Event: 1.446 Thread 0x0000022cb8e87050 2776       3       org.apache.maven.model.merge.MavenModelMerger::getDependencyKey (5 bytes)
Event: 1.446 Thread 0x0000022cb8e87050 nmethod 2776 0x0000022ca2388a10 code [0x0000022ca2388bc0, 0x0000022ca2388d18]
Event: 1.446 Thread 0x0000022cb8e87050 2778       1       org.apache.maven.model.Plugin::getVersion (5 bytes)
Event: 1.447 Thread 0x0000022cb8e87050 nmethod 2778 0x0000022ca9a0ff90 code [0x0000022ca9a10120, 0x0000022ca9a101f0]
Event: 1.447 Thread 0x0000022cb8e87050 2780       1       org.apache.maven.model.Plugin::setGroupId (6 bytes)
Event: 1.447 Thread 0x0000022cb8e65770 nmethod 2762 0x0000022ca9a10290 code [0x0000022ca9a10420, 0x0000022ca9a104d8]
Event: 1.447 Thread 0x0000022cb8e87050 nmethod 2780 0x0000022ca9a10590 code [0x0000022ca9a10720, 0x0000022ca9a10840]
Event: 1.447 Thread 0x0000022cb8e65770 2779       4       java.util.HashMap::put (13 bytes)
Event: 1.447 Thread 0x0000022cb8e87050 2781       3       org.apache.maven.model.ConfigurationContainer::getLocation (147 bytes)
Event: 1.448 Thread 0x0000022cb8e87050 nmethod 2781 0x0000022ca2388e10 code [0x0000022ca2389080, 0x0000022ca2389cc8]
Event: 1.450 Thread 0x0000022cb8e87050 2782       3       java.util.Calendar::internalSet (8 bytes)
Event: 1.450 Thread 0x0000022cb8e87050 nmethod 2782 0x0000022ca2389f10 code [0x0000022ca238a0c0, 0x0000022ca238a200]
Event: 1.452 Thread 0x0000022cb8e87050 2783       3       java.lang.String::replace (42 bytes)
Event: 1.452 Thread 0x0000022cb8e87050 nmethod 2783 0x0000022ca238a310 code [0x0000022ca238a4e0, 0x0000022ca238a828]
Event: 1.456 Thread 0x0000022cb8e65770 nmethod 2779 0x0000022ca9a10890 code [0x0000022ca9a10ac0, 0x0000022ca9a11468]
Event: 1.456 Thread 0x0000022cb8e65770 2777       4       java.util.LinkedHashMap::afterNodeInsertion (40 bytes)
Event: 1.457 Thread 0x0000022cfec40150 nmethod 2752 0x0000022ca9a11a90 code [0x0000022ca9a11ea0, 0x0000022ca9a13460]
Event: 1.457 Thread 0x0000022cb8e65770 nmethod 2777 0x0000022ca9a14490 code [0x0000022ca9a14620, 0x0000022ca9a146c8]

GC Heap History (4 events):
Event: 0.603 GC heap before
{Heap before GC invocations=0 (full 0):
 garbage-first heap   total 258048K, used 22528K [0x0000000705200000, 0x0000000800000000)
  region size 2048K, 11 young (22528K), 0 survivors (0K)
 Metaspace       used 5636K, committed 5824K, reserved 1114112K
  class space    used 660K, committed 768K, reserved 1048576K
}
Event: 0.606 GC heap after
{Heap after GC invocations=1 (full 0):
 garbage-first heap   total 258048K, used 4096K [0x0000000705200000, 0x0000000800000000)
  region size 2048K, 2 young (4096K), 2 survivors (4096K)
 Metaspace       used 5636K, committed 5824K, reserved 1114112K
  class space    used 660K, committed 768K, reserved 1048576K
}
Event: 1.014 GC heap before
{Heap before GC invocations=1 (full 0):
 garbage-first heap   total 258048K, used 32768K [0x0000000705200000, 0x0000000800000000)
  region size 2048K, 17 young (34816K), 2 survivors (4096K)
 Metaspace       used 9796K, committed 10048K, reserved 1114112K
  class space    used 1166K, committed 1280K, reserved 1048576K
}
Event: 1.018 GC heap after
{Heap after GC invocations=2 (full 0):
 garbage-first heap   total 258048K, used 5479K [0x0000000705200000, 0x0000000800000000)
  region size 2048K, 1 young (2048K), 1 survivors (2048K)
 Metaspace       used 9796K, committed 10048K, reserved 1114112K
  class space    used 1166K, committed 1280K, reserved 1048576K
}

Dll operation events (8 events):
Event: 0.009 Loaded shared library C:\Program Files\Java\jdk-21\bin\java.dll
Event: 0.033 Loaded shared library C:\Program Files\Java\jdk-21\bin\jsvml.dll
Event: 0.045 Loaded shared library C:\Program Files\Java\jdk-21\bin\net.dll
Event: 0.047 Loaded shared library C:\Program Files\Java\jdk-21\bin\nio.dll
Event: 0.050 Loaded shared library C:\Program Files\Java\jdk-21\bin\zip.dll
Event: 0.179 Loaded shared library C:\Program Files\Java\jdk-21\bin\jimage.dll
Event: 0.183 Loaded shared library C:\ProgramData\chocolatey\lib\maven\apache-maven-3.9.9\lib\jansi-native\Windows\x86_64\jansi.dll
Event: 0.199 Loaded shared library C:\Program Files\Java\jdk-21\bin\verify.dll

Deoptimization events (20 events):
Event: 1.432 Thread 0x0000022c999cf600 DEOPT PACKING pc=0x0000022ca99843c4 sp=0x000000a27c1fe3c0
Event: 1.432 Thread 0x0000022c999cf600 DEOPT UNPACKING pc=0x0000022ca93a46a2 sp=0x000000a27c1fe380 mode 2
Event: 1.439 Thread 0x0000022c999cf600 DEOPT PACKING pc=0x0000022ca236dc36 sp=0x000000a27c1fe210
Event: 1.439 Thread 0x0000022c999cf600 DEOPT UNPACKING pc=0x0000022ca93a4e42 sp=0x000000a27c1fd738 mode 0
Event: 1.446 Thread 0x0000022c999cf600 Uncommon trap: trap_request=0xffffffde fr.pc=0x0000022ca99eac3c relative=0x000000000000087c
Event: 1.446 Thread 0x0000022c999cf600 Uncommon trap: reason=class_check action=maybe_recompile pc=0x0000022ca99eac3c method=java.util.HashMap.putVal(ILjava/lang/Object;Ljava/lang/Object;ZZ)Ljava/lang/Object; @ 203 c2
Event: 1.446 Thread 0x0000022c999cf600 DEOPT PACKING pc=0x0000022ca99eac3c sp=0x000000a27c1fdef0
Event: 1.446 Thread 0x0000022c999cf600 DEOPT UNPACKING pc=0x0000022ca93a46a2 sp=0x000000a27c1fde28 mode 2
Event: 1.446 Thread 0x0000022c999cf600 Uncommon trap: trap_request=0xffffffde fr.pc=0x0000022ca99eac3c relative=0x000000000000087c
Event: 1.446 Thread 0x0000022c999cf600 Uncommon trap: reason=class_check action=maybe_recompile pc=0x0000022ca99eac3c method=java.util.HashMap.putVal(ILjava/lang/Object;Ljava/lang/Object;ZZ)Ljava/lang/Object; @ 203 c2
Event: 1.446 Thread 0x0000022c999cf600 DEOPT PACKING pc=0x0000022ca99eac3c sp=0x000000a27c1fdef0
Event: 1.446 Thread 0x0000022c999cf600 DEOPT UNPACKING pc=0x0000022ca93a46a2 sp=0x000000a27c1fde28 mode 2
Event: 1.446 Thread 0x0000022c999cf600 Uncommon trap: trap_request=0xffffffde fr.pc=0x0000022ca99eac3c relative=0x000000000000087c
Event: 1.446 Thread 0x0000022c999cf600 Uncommon trap: reason=class_check action=maybe_recompile pc=0x0000022ca99eac3c method=java.util.HashMap.putVal(ILjava/lang/Object;Ljava/lang/Object;ZZ)Ljava/lang/Object; @ 203 c2
Event: 1.446 Thread 0x0000022c999cf600 DEOPT PACKING pc=0x0000022ca99eac3c sp=0x000000a27c1fdef0
Event: 1.446 Thread 0x0000022c999cf600 DEOPT UNPACKING pc=0x0000022ca93a46a2 sp=0x000000a27c1fde28 mode 2
Event: 1.446 Thread 0x0000022c999cf600 Uncommon trap: trap_request=0xffffffde fr.pc=0x0000022ca99eac3c relative=0x000000000000087c
Event: 1.446 Thread 0x0000022c999cf600 Uncommon trap: reason=class_check action=maybe_recompile pc=0x0000022ca99eac3c method=java.util.HashMap.putVal(ILjava/lang/Object;Ljava/lang/Object;ZZ)Ljava/lang/Object; @ 203 c2
Event: 1.446 Thread 0x0000022c999cf600 DEOPT PACKING pc=0x0000022ca99eac3c sp=0x000000a27c1fdef0
Event: 1.446 Thread 0x0000022c999cf600 DEOPT UNPACKING pc=0x0000022ca93a46a2 sp=0x000000a27c1fde28 mode 2

Classes loaded (20 events):
Event: 1.420 Loading class java/nio/file/AccessMode
Event: 1.420 Loading class java/nio/file/AccessMode done
Event: 1.420 Loading class sun/nio/fs/WindowsFileSystemProvider$1
Event: 1.421 Loading class sun/nio/fs/WindowsFileSystemProvider$1 done
Event: 1.422 Loading class sun/nio/ch/FileLockImpl
Event: 1.422 Loading class sun/nio/ch/FileLockImpl done
Event: 1.422 Loading class sun/nio/ch/FileLockTable
Event: 1.422 Loading class sun/nio/ch/FileLockTable done
Event: 1.423 Loading class sun/nio/ch/FileKey
Event: 1.423 Loading class sun/nio/ch/FileKey done
Event: 1.423 Loading class sun/nio/ch/FileLockTable$FileLockReference
Event: 1.423 Loading class sun/nio/ch/FileLockTable$FileLockReference done
Event: 1.423 Loading class java/nio/channels/spi/AbstractInterruptibleChannel$1
Event: 1.423 Loading class sun/nio/ch/Interruptible
Event: 1.423 Loading class sun/nio/ch/Interruptible done
Event: 1.423 Loading class java/nio/channels/spi/AbstractInterruptibleChannel$1 done
Event: 1.423 Loading class java/util/AbstractMap$2
Event: 1.424 Loading class java/util/AbstractMap$2 done
Event: 1.424 Loading class java/util/AbstractMap$2$1
Event: 1.424 Loading class java/util/AbstractMap$2$1 done

Classes unloaded (0 events):
No events

Classes redefined (0 events):
No events

Internal exceptions (20 events):
Event: 0.553 Thread 0x0000022c999cf600 Exception <a 'java/lang/NoSuchMethodError'{0x0000000713a1a8e8}: 'int java.lang.invoke.DirectMethodHandle$Holder.invokeStaticInit(java.lang.Object, java.lang.Object)'> (0x0000000713a1a8e8) 
thrown [s\open\src\hotspot\share\interpreter\linkResolver.cpp, line 773]
Event: 0.560 Thread 0x0000022c999cf600 Exception <a 'java/lang/NoClassDefFoundError'{0x0000000713a4ff48}: javax/enterprise/inject/Typed> (0x0000000713a4ff48) 
thrown [s\open\src\hotspot\share\classfile\systemDictionary.cpp, line 301]
Event: 1.071 Thread 0x0000022c999cf600 Exception <a 'java/lang/NoSuchMethodError'{0x0000000714bf0cd0}: 'void java.lang.invoke.DirectMethodHandle$Holder.invokeStaticInit(java.lang.Object, java.lang.Object, java.lang.Object)'> (0x0000000714bf0cd0) 
thrown [s\open\src\hotspot\share\interpreter\linkResolver.cpp, line 773]
Event: 1.076 Thread 0x0000022c999cf600 Exception <a 'java/lang/ExceptionInInitializerError'{0x0000000714819da8}> (0x0000000714819da8) 
thrown [s\open\src\hotspot\share\oops\instanceKlass.cpp, line 1180]
Event: 1.096 Thread 0x0000022c999cf600 Exception <a 'java/lang/NoSuchMethodError'{0x0000000714926aa0}: 'long java.lang.invoke.DirectMethodHandle$Holder.invokeStatic(java.lang.Object, java.lang.Object, int)'> (0x0000000714926aa0) 
thrown [s\open\src\hotspot\share\interpreter\linkResolver.cpp, line 773]
Event: 1.097 Thread 0x0000022c999cf600 Exception <a 'java/lang/NoSuchMethodError'{0x0000000714939be0}: 'java.lang.Object java.lang.invoke.DirectMethodHandle$Holder.invokeStatic(java.lang.Object, java.lang.Object, java.lang.Object, java.lang.Object, int)'> (0x0000000714939be0) 
thrown [s\open\src\hotspot\share\interpreter\linkResolver.cpp, line 773]
Event: 1.097 Thread 0x0000022c999cf600 Exception <a 'java/lang/NoSuchMethodError'{0x0000000714941d60}: 'java.lang.Object java.lang.invoke.DirectMethodHandle$Holder.invokeSpecial(java.lang.Object, java.lang.Object, java.lang.Object, java.lang.Object, long)'> (0x0000000714941d60) 
thrown [s\open\src\hotspot\share\interpreter\linkResolver.cpp, line 773]
Event: 1.098 Thread 0x0000022c999cf600 Exception <a 'java/lang/NoSuchMethodError'{0x000000071494d850}: 'java.lang.Object java.lang.invoke.DirectMethodHandle$Holder.invokeSpecial(java.lang.Object, java.lang.Object, java.lang.Object, int, java.lang.Object)'> (0x000000071494d850) 
thrown [s\open\src\hotspot\share\interpreter\linkResolver.cpp, line 773]
Event: 1.098 Thread 0x0000022c999cf600 Exception <a 'java/lang/NoSuchMethodError'{0x0000000714955970}: 'int java.lang.invoke.DirectMethodHandle$Holder.invokeSpecial(java.lang.Object, java.lang.Object, java.lang.Object, int)'> (0x0000000714955970) 
thrown [s\open\src\hotspot\share\interpreter\linkResolver.cpp, line 773]
Event: 1.100 Thread 0x0000022c999cf600 Implicit null exception at 0x0000022ca9984f5a to 0x0000022ca9985138
Event: 1.101 Thread 0x0000022c999cf600 Exception <a 'java/lang/NoSuchMethodError'{0x000000071497a038}: 'java.lang.Object java.lang.invoke.Invokers$Holder.invokeExact_MT(java.lang.Object, int, java.lang.Object)'> (0x000000071497a038) 
thrown [s\open\src\hotspot\share\interpreter\linkResolver.cpp, line 773]
Event: 1.241 Thread 0x0000022c999cf600 Exception <a 'java/lang/NoSuchMethodError'{0x000000071419ecb8}: 'void java.lang.invoke.Invokers$Holder.invokeExact_MT(java.lang.Object, java.lang.Object, java.lang.Object, java.lang.Object)'> (0x000000071419ecb8) 
thrown [s\open\src\hotspot\share\interpreter\linkResolver.cpp, line 773]
Event: 1.255 Thread 0x0000022c999cf600 Exception <a 'java/lang/NoClassDefFoundError'{0x0000000713e29ea0}: com/google/inject/servlet/ServletModuleTargetVisitor> (0x0000000713e29ea0) 
thrown [s\open\src\hotspot\share\classfile\systemDictionary.cpp, line 301]
Event: 1.303 Thread 0x0000022c999cf600 Exception <a 'java/lang/NoSuchMethodError'{0x0000000713feaa50}: 'void java.lang.invoke.DirectMethodHandle$Holder.invokeVirtual(java.lang.Object, java.lang.Object)'> (0x0000000713feaa50) 
thrown [s\open\src\hotspot\share\interpreter\linkResolver.cpp, line 773]
Event: 1.325 Thread 0x0000022c999cf600 Exception <a 'java/lang/NoSuchMethodError'{0x0000000713c69e08}: 'java.lang.Object java.lang.invoke.DirectMethodHandle$Holder.invokeStaticInit(java.lang.Object, int, int, int, int)'> (0x0000000713c69e08) 
thrown [s\open\src\hotspot\share\interpreter\linkResolver.cpp, line 773]
Event: 1.402 Thread 0x0000022c999cf600 Implicit null exception at 0x0000022ca9936fa4 to 0x0000022ca993761c
Event: 1.402 Thread 0x0000022c999cf600 Implicit null exception at 0x0000022ca9919da0 to 0x0000022ca991a40c
Event: 1.429 Thread 0x0000022c999cf600 Exception <a 'java/lang/NoSuchMethodError'{0x0000000713677540}: 'void java.lang.invoke.DirectMethodHandle$Holder.invokeSpecial(java.lang.Object, java.lang.Object, java.lang.Object, java.lang.Object, java.lang.Object)'> (0x0000000713677540) 
thrown [s\open\src\hotspot\share\interpreter\linkResolver.cpp, line 773]
Event: 1.431 Thread 0x0000022c999cf600 Exception <a 'java/lang/NoSuchMethodError'{0x000000071368d420}: 'void java.lang.invoke.DirectMethodHandle$Holder.invokeSpecial(java.lang.Object, java.lang.Object, java.lang.Object, java.lang.Object, java.lang.Object, java.lang.Object)'> (0x000000071368d420) 
thrown [s\open\src\hotspot\share\interpreter\linkResolver.cpp, line 773]
Event: 1.441 Thread 0x0000022c999cf600 Exception <a 'java/lang/NoSuchMethodError'{0x0000000713781fa0}: 'java.lang.Object java.lang.invoke.DirectMethodHandle$Holder.invokeVirtual(java.lang.Object, java.lang.Object, java.lang.Object)'> (0x0000000713781fa0) 
thrown [s\open\src\hotspot\share\interpreter\linkResolver.cpp, line 773]

ZGC Phase Switch (0 events):
No events

VM Operations (20 events):
Event: 1.081 Executing VM operation: HandshakeAllThreads (Deoptimize)
Event: 1.081 Executing VM operation: HandshakeAllThreads (Deoptimize) done
Event: 1.121 Executing VM operation: HandshakeAllThreads (Deoptimize)
Event: 1.121 Executing VM operation: HandshakeAllThreads (Deoptimize) done
Event: 1.122 Executing VM operation: HandshakeAllThreads (Deoptimize)
Event: 1.122 Executing VM operation: HandshakeAllThreads (Deoptimize) done
Event: 1.151 Executing VM operation: HandshakeAllThreads (Deoptimize)
Event: 1.151 Executing VM operation: HandshakeAllThreads (Deoptimize) done
Event: 1.236 Executing VM operation: HandshakeAllThreads (Deoptimize)
Event: 1.236 Executing VM operation: HandshakeAllThreads (Deoptimize) done
Event: 1.242 Executing VM operation: ICBufferFull
Event: 1.242 Executing VM operation: ICBufferFull done
Event: 1.309 Executing VM operation: HandshakeAllThreads (Deoptimize)
Event: 1.309 Executing VM operation: HandshakeAllThreads (Deoptimize) done
Event: 1.334 Executing VM operation: HandshakeAllThreads (Deoptimize)
Event: 1.334 Executing VM operation: HandshakeAllThreads (Deoptimize) done
Event: 1.352 Executing VM operation: HandshakeAllThreads (Deoptimize)
Event: 1.352 Executing VM operation: HandshakeAllThreads (Deoptimize) done
Event: 1.383 Executing VM operation: HandshakeAllThreads (Deoptimize)
Event: 1.383 Executing VM operation: HandshakeAllThreads (Deoptimize) done

Events (16 events):
Event: 0.022 Thread 0x0000022c999cf600 Thread added: 0x0000022c999cf600
Event: 0.032 Thread 0x0000022cb8e58c60 Thread added: 0x0000022cb8e58c60
Event: 0.032 Thread 0x0000022cb8e598c0 Thread added: 0x0000022cb8e598c0
Event: 0.032 Thread 0x0000022cb8e5c5e0 Thread added: 0x0000022cb8e5c5e0
Event: 0.032 Thread 0x0000022cb8e5d990 Thread added: 0x0000022cb8e5d990
Event: 0.032 Thread 0x0000022cb8e5e6d0 Thread added: 0x0000022cb8e5e6d0
Event: 0.032 Thread 0x0000022cb8e60850 Thread added: 0x0000022cb8e60850
Event: 0.032 Thread 0x0000022cb8e65770 Thread added: 0x0000022cb8e65770
Event: 0.032 Thread 0x0000022cb8e87050 Thread added: 0x0000022cb8e87050
Event: 0.041 Thread 0x0000022cfe178630 Thread added: 0x0000022cfe178630
Event: 0.043 Thread 0x0000022cfe198060 Thread added: 0x0000022cfe198060
Event: 0.177 Thread 0x0000022cfe38e5b0 Thread added: 0x0000022cfe38e5b0
Event: 0.192 Thread 0x0000022cfe38e5b0 Thread exited: 0x0000022cfe38e5b0
Event: 0.570 Thread 0x0000022cfeba97b0 Thread added: 0x0000022cfeba97b0
Event: 0.579 Thread 0x0000022cfec40150 Thread added: 0x0000022cfec40150
Event: 1.363 Thread 0x0000022cff7f7030 Thread added: 0x0000022cff7f7030


Dynamic libraries:
0x00007ff6f3640000 - 0x00007ff6f3650000 	C:\Program Files\Java\jdk-21\bin\java.exe
0x00007ffc6a8b0000 - 0x00007ffc6aac7000 	C:\WINDOWS\SYSTEM32\ntdll.dll
0x00007ffc68660000 - 0x00007ffc68724000 	C:\WINDOWS\System32\KERNEL32.DLL
0x00007ffc67bc0000 - 0x00007ffc67f93000 	C:\WINDOWS\System32\KERNELBASE.dll
0x00007ffc68420000 - 0x00007ffc68531000 	C:\WINDOWS\System32\ucrtbase.dll
0x00007ffc2a1b0000 - 0x00007ffc2a1c9000 	C:\Program Files\Java\jdk-21\bin\jli.dll
0x00007ffc6a4e0000 - 0x00007ffc6a591000 	C:\WINDOWS\System32\ADVAPI32.dll
0x00007ffc267f0000 - 0x00007ffc2680b000 	C:\Program Files\Java\jdk-21\bin\VCRUNTIME140.dll
0x00007ffc6a7c0000 - 0x00007ffc6a867000 	C:\WINDOWS\System32\msvcrt.dll
0x00007ffc68ce0000 - 0x00007ffc68d87000 	C:\WINDOWS\System32\sechost.dll
0x00007ffc68370000 - 0x00007ffc68398000 	C:\WINDOWS\System32\bcrypt.dll
0x00007ffc68a10000 - 0x00007ffc68b24000 	C:\WINDOWS\System32\RPCRT4.dll
0x00007ffc68850000 - 0x00007ffc68a01000 	C:\WINDOWS\System32\USER32.dll
0x00007ffc67b90000 - 0x00007ffc67bb6000 	C:\WINDOWS\System32\win32u.dll
0x00007ffc68820000 - 0x00007ffc68849000 	C:\WINDOWS\System32\GDI32.dll
0x00007ffc47b10000 - 0x00007ffc47dab000 	C:\WINDOWS\WinSxS\amd64_microsoft.windows.common-controls_6595b64144ccf1df_6.0.22621.5262_none_2712bde373830908\COMCTL32.dll
0x00007ffc679a0000 - 0x00007ffc67ac2000 	C:\WINDOWS\System32\gdi32full.dll
0x00007ffc67fa0000 - 0x00007ffc6803a000 	C:\WINDOWS\System32\msvcp_win.dll
0x00007ffc5cc10000 - 0x00007ffc5cc1a000 	C:\WINDOWS\SYSTEM32\VERSION.dll
0x00007ffc6a4a0000 - 0x00007ffc6a4d1000 	C:\WINDOWS\System32\IMM32.DLL
0x00007ffc44f30000 - 0x00007ffc44f3c000 	C:\Program Files\Java\jdk-21\bin\vcruntime140_1.dll
0x00007ffc1ca50000 - 0x00007ffc1cade000 	C:\Program Files\Java\jdk-21\bin\msvcp140.dll
0x00007ffbb9e80000 - 0x00007ffbbab95000 	C:\Program Files\Java\jdk-21\bin\server\jvm.dll
0x00007ffc68730000 - 0x00007ffc687a1000 	C:\WINDOWS\System32\WS2_32.dll
0x00007ffc66800000 - 0x00007ffc6684d000 	C:\WINDOWS\SYSTEM32\POWRPROF.dll
0x00007ffc5f7e0000 - 0x00007ffc5f814000 	C:\WINDOWS\SYSTEM32\WINMM.dll
0x00007ffc667e0000 - 0x00007ffc667f3000 	C:\WINDOWS\SYSTEM32\UMPDC.dll
0x00007ffc66ab0000 - 0x00007ffc66ac8000 	C:\WINDOWS\SYSTEM32\kernel.appcore.dll
0x00007ffc44b80000 - 0x00007ffc44b8a000 	C:\Program Files\Java\jdk-21\bin\jimage.dll
0x00007ffc653a0000 - 0x00007ffc655d2000 	C:\WINDOWS\SYSTEM32\DBGHELP.DLL
0x00007ffc69850000 - 0x00007ffc69be3000 	C:\WINDOWS\System32\combase.dll
0x00007ffc6a5a0000 - 0x00007ffc6a677000 	C:\WINDOWS\System32\OLEAUT32.dll
0x00007ffc48640000 - 0x00007ffc48672000 	C:\WINDOWS\SYSTEM32\dbgcore.DLL
0x00007ffc68040000 - 0x00007ffc680bb000 	C:\WINDOWS\System32\bcryptPrimitives.dll
0x00007ffc24d20000 - 0x00007ffc24d3f000 	C:\Program Files\Java\jdk-21\bin\java.dll
0x00007ffc69c00000 - 0x00007ffc6a49d000 	C:\WINDOWS\System32\SHELL32.dll
0x00007ffc680c0000 - 0x00007ffc681ff000 	C:\WINDOWS\System32\wintypes.dll
0x00007ffc658a0000 - 0x00007ffc661bd000 	C:\WINDOWS\SYSTEM32\windows.storage.dll
0x00007ffc68540000 - 0x00007ffc6864b000 	C:\WINDOWS\System32\SHCORE.dll
0x00007ffc690e0000 - 0x00007ffc69146000 	C:\WINDOWS\System32\shlwapi.dll
0x00007ffc678d0000 - 0x00007ffc678fb000 	C:\WINDOWS\SYSTEM32\profapi.dll
0x00007ffc02a80000 - 0x00007ffc02b57000 	C:\Program Files\Java\jdk-21\bin\jsvml.dll
0x00007ffc43b50000 - 0x00007ffc43b60000 	C:\Program Files\Java\jdk-21\bin\net.dll
0x00007ffc60f20000 - 0x00007ffc6104c000 	C:\WINDOWS\SYSTEM32\WINHTTP.dll
0x00007ffc66f50000 - 0x00007ffc66fba000 	C:\WINDOWS\system32\mswsock.dll
0x00007ffc22be0000 - 0x00007ffc22bf6000 	C:\Program Files\Java\jdk-21\bin\nio.dll
0x00007ffc20cd0000 - 0x00007ffc20ce8000 	C:\Program Files\Java\jdk-21\bin\zip.dll
0x00007ffc2a4f0000 - 0x00007ffc2a514000 	C:\ProgramData\chocolatey\lib\maven\apache-maven-3.9.9\lib\jansi-native\Windows\x86_64\jansi.dll
0x00007ffc433e0000 - 0x00007ffc433f0000 	C:\Program Files\Java\jdk-21\bin\verify.dll

dbghelp: loaded successfully - version: 4.0.5 - missing functions: none
symbol engine: initialized successfully - sym options: 0x614 - pdb path: .;C:\Program Files\Java\jdk-21\bin;C:\WINDOWS\SYSTEM32;C:\WINDOWS\WinSxS\amd64_microsoft.windows.common-controls_6595b64144ccf1df_6.0.22621.5262_none_2712bde373830908;C:\Program Files\Java\jdk-21\bin\server;C:\ProgramData\chocolatey\lib\maven\apache-maven-3.9.9\lib\jansi-native\Windows\x86_64

VM Arguments:
jvm_args: -Dclassworlds.conf=C:/ProgramData/chocolatey/lib/maven/apache-maven-3.9.9/bin/m2.conf -Dmaven.home=C:/ProgramData/chocolatey/lib/maven/apache-maven-3.9.9 -Dlibrary.jansi.path=C:/ProgramData/chocolatey/lib/maven/apache-maven-3.9.9/lib/jansi-native -Dmaven.multiModuleProjectDirectory=C:/Users/moata/Downloads/examPlatform 
java_command: org.codehaus.plexus.classworlds.launcher.Launcher spring-boot:run
java_class_path (initial): C:/ProgramData/chocolatey/lib/maven/apache-maven-3.9.9/boot/plexus-classworlds-2.8.0.jar
Launcher Type: SUN_STANDARD

[Global flags]
     intx CICompilerCount                          = 4                                         {product} {ergonomic}
     uint ConcGCThreads                            = 3                                         {product} {ergonomic}
     uint G1ConcRefinementThreads                  = 10                                        {product} {ergonomic}
   size_t G1HeapRegionSize                         = 2097152                                   {product} {ergonomic}
    uintx GCDrainStackTargetSize                   = 64                                        {product} {ergonomic}
   size_t InitialHeapSize                          = 264241152                                 {product} {ergonomic}
   size_t MarkStackSize                            = 4194304                                   {product} {ergonomic}
   size_t MaxHeapSize                              = 4208984064                                {product} {ergonomic}
   size_t MaxNewSize                               = 2524971008                                {product} {ergonomic}
   size_t MinHeapDeltaBytes                        = 2097152                                   {product} {ergonomic}
   size_t MinHeapSize                              = 8388608                                   {product} {ergonomic}
    uintx NonNMethodCodeHeapSize                   = 5839372                                {pd product} {ergonomic}
    uintx NonProfiledCodeHeapSize                  = 122909434                              {pd product} {ergonomic}
    uintx ProfiledCodeHeapSize                     = 122909434                              {pd product} {ergonomic}
    uintx ReservedCodeCacheSize                    = 251658240                              {pd product} {ergonomic}
     bool SegmentedCodeCache                       = true                                      {product} {ergonomic}
   size_t SoftMaxHeapSize                          = 4208984064                             {manageable} {ergonomic}
     bool UseCompressedOops                        = true                           {product lp64_product} {ergonomic}
     bool UseG1GC                                  = true                                      {product} {ergonomic}
     bool UseLargePagesIndividualAllocation        = false                                  {pd product} {ergonomic}

Logging:
Log output configuration:
 #0: stdout all=warning uptime,level,tags foldmultilines=false
 #1: stderr all=off uptime,level,tags foldmultilines=false

Environment Variables:
JAVA_HOME=C:/Program Files/Java/jdk-21
PATH=C:\Program Files\Git\mingw64\bin;C:\Program Files\Git\usr\bin;C:\Users\moata\bin;C:\Users\moata\AppData\Local\Programs\cursor\resources\app\bin;C:\Program Files (x86)\VMware\VMware Player\bin;C:\Users\moata\AppData\Local\Programs\Python\Python312\Scripts;C:\Users\moata\AppData\Local\Programs\Python\Python312;C:\Program Files\Common Files\Oracle\Java\javapath;C:\windows\system32;C:\windows;C:\windows\System32\Wbem;C:\windows\System32\WindowsPowerShell\v1.0;C:\windows\System32\OpenSSH;C:\Program Files (x86)\NVIDIA Corporation\PhysX\Common;C:\Program Files\NVIDIA Corporation\NVIDIA NvDLISR;C:\Program Files\Java\jdk-21\bin;D:\collage\ffmpeg\bin;C:\ProgramData\chocolatey\bin;C:\Program Files\nodejs;C:\Program Files\HP\HP One Agent;C:\Program Files\Docker\Docker\resources\bin;C:\Users\moata\ffmpeg-7.0.1-essentials_build\bin;C:\Program Files (x86)\Windows Kits\10\Windows Performance Toolkit;C:\terraform;C:\Program Files\Amazon\AWSCLIV2;C:\ProgramData\chocolatey\lib\maven\apache-maven-3.9.9\bin;C:\Program Files (x86)\BaseX\bin;C:\WINDOWS\system32;C:\WINDOWS;C:\WINDOWS\System32\Wbem;C:\WIN;C:\Users\moata\AppData\Local\Programs\cursor\resources\app\bin;C:\Program Files\Git\cmd;C:\Program Files\MySQL\MySQL Server 8.0\bin;C:\Program Files\MySQL\MySQL Connector C 6.1\bin;C:\Ruby32-x64\bin;C:\Ruby32-x64\bin;C:\Program Files\MySQL\MySQL Shell 8.0\bin;C:\Users\moata\AppData\Local\Programs\Python\Python311\Scripts;C:\Users\moata\AppData\Local\Programs\Python\Python311;C:\Users\moata\AppData\Local\Microsoft\WindowsApps;C:\Program Files\JetBrains\IntelliJ IDEA Community Edition 2023.3.2\bin;C:\Users\moata\AppData\Local\Programs\Microsoft VS Code\bin;C:\Program Files\JetBrains\PyCharm Community Edition 2023.3.3\bin;C:\ProgramData\mingw64\mingw64\bin;C:\Users\moata\AppData\Roaming\npm;C:\tools\dart-sdk\bin;C:\Users\moata\AppData\Local\Pub\Cache\bin;C:\Users\moata\dev\flutter\bin;C:\Users\moata\AppData\Local\Microsoft\WinGet\Links;C:\Program Files\Java\jdk-21\bin;C:\Program Files\MySQL\MySQL Connector C 6.1\lib;C:\Users\moata\AppData\Local\Programs\cursor\resources\app\bin;C:\Users\moata\Downloads\mongosh-2.5.1-win32-x64\mongosh-2.5.1-win32-x64\bin;C:\Users\moata\AppData\Local\Programs\Windsurf\bin
USERNAME=moata
TERM=xterm-256color
OS=Windows_NT
PROCESSOR_IDENTIFIER=Intel64 Family 6 Model 154 Stepping 3, GenuineIntel
TMP=C:\Users\moata\AppData\Local\Temp
TEMP=C:\Users\moata\AppData\Local\Temp




Periodic native trim disabled

---------------  S Y S T E M  ---------------

OS:
 Windows 11 , 64 bit Build 22621 (10.0.22621.5262)
OS uptime: 0 days 17:26 hours
Hyper-V role detected

CPU: total 12 (initial active 12) (6 cores per cpu, 2 threads per core) family 6 model 154 stepping 3 microcode 0x432, cx8, cmov, fxsr, ht, mmx, 3dnowpref, sse, sse2, sse3, ssse3, sse4.1, sse4.2, popcnt, lzcnt, tsc, tscinvbit, avx, avx2, aes, erms, clmul, bmi1, bmi2, adx, sha, fma, vzeroupper, clflush, clflushopt, clwb, hv, serialize, rdtscp, rdpid, fsrm, f16c, cet_ibt, cet_ss
Processor Information for processor 0
  Max Mhz: 2000, Current Mhz: 2000, Mhz Limit: 2000
Processor Information for processor 1
  Max Mhz: 2000, Current Mhz: 2000, Mhz Limit: 2000
Processor Information for processor 2
  Max Mhz: 2000, Current Mhz: 2000, Mhz Limit: 2000
Processor Information for processor 3
  Max Mhz: 2000, Current Mhz: 2000, Mhz Limit: 2000
Processor Information for processor 4
  Max Mhz: 2000, Current Mhz: 2000, Mhz Limit: 2000
Processor Information for processor 5
  Max Mhz: 2000, Current Mhz: 2000, Mhz Limit: 2000
Processor Information for processor 6
  Max Mhz: 2000, Current Mhz: 2000, Mhz Limit: 2000
Processor Information for processor 7
  Max Mhz: 2000, Current Mhz: 2000, Mhz Limit: 2000
Processor Information for processor 8
  Max Mhz: 2000, Current Mhz: 1500, Mhz Limit: 1500
Processor Information for processor 9
  Max Mhz: 2000, Current Mhz: 1500, Mhz Limit: 1500
Processor Information for processor 10
  Max Mhz: 2000, Current Mhz: 1500, Mhz Limit: 1500
Processor Information for processor 11
  Max Mhz: 2000, Current Mhz: 1500, Mhz Limit: 1500

Memory: 4k page, system-wide physical 16052M (1381M free)
TotalPageFile size 25875M (AvailPageFile size 5M)
current process WorkingSet (physical memory assigned to process): 125M, peak: 126M
current process commit charge ("private bytes"): 387M, peak: 388M

vm_info: Java HotSpot(TM) 64-Bit Server VM (21.0.1+12-LTS-29) for windows-amd64 JRE (21.0.1+12-LTS-29), built on 2023-10-05T13:27:09Z by "mach5one" with MS VC++ 17.1 (VS2022)

END.
